The system is: Linux - 3.16.0-23-generic - x86_64
Compiling the C compiler identification source file "CMakeCCompilerId.c" succeeded.
Compiler: /usr/bin/cc 
Build flags: 
Id flags: 

The output was:
0


Compilation of the C compiler identification source "CMakeCCompilerId.c" produced "a.out"

The C compiler identification is GNU, found in "/home/stuxnet/Desktop/projecthumeur/One Millisecond Face Alignment with an Ensemble of Regression Trees/python_examples/build/CMakeFiles/2.8.12.2/CompilerIdC/a.out"

Compiling the CXX compiler identification source file "CMakeCXXCompilerId.cpp" succeeded.
Compiler: /usr/bin/c++ 
Build flags: 
Id flags: 

The output was:
0


Compilation of the CXX compiler identification source "CMakeCXXCompilerId.cpp" produced "a.out"

The CXX compiler identification is GNU, found in "/home/stuxnet/Desktop/projecthumeur/One Millisecond Face Alignment with an Ensemble of Regression Trees/python_examples/build/CMakeFiles/2.8.12.2/CompilerIdCXX/a.out"

Determining if the C compiler works passed with the following output:
Change Dir: /home/stuxnet/Desktop/projecthumeur/One Millisecond Face Alignment with an Ensemble of Regression Trees/python_examples/build/CMakeFiles/CMakeTmp

Run Build Command:/usr/bin/make "cmTryCompileExec2960698665/fast"
/usr/bin/make -f CMakeFiles/cmTryCompileExec2960698665.dir/build.make CMakeFiles/cmTryCompileExec2960698665.dir/build
make[1]: Entering directory '/home/stuxnet/Desktop/projecthumeur/One Millisecond Face Alignment with an Ensemble of Regression Trees/python_examples/build/CMakeFiles/CMakeTmp'
/usr/bin/cmake -E cmake_progress_report "/home/stuxnet/Desktop/projecthumeur/One Millisecond Face Alignment with an Ensemble of Regression Trees/python_examples/build/CMakeFiles/CMakeTmp/CMakeFiles" 1
Building C object CMakeFiles/cmTryCompileExec2960698665.dir/testCCompiler.c.o
/usr/bin/cc    -o CMakeFiles/cmTryCompileExec2960698665.dir/testCCompiler.c.o   -c "/home/stuxnet/Desktop/projecthumeur/One Millisecond Face Alignment with an Ensemble of Regression Trees/python_examples/build/CMakeFiles/CMakeTmp/testCCompiler.c"
Linking C executable cmTryCompileExec2960698665
/usr/bin/cmake -E cmake_link_script CMakeFiles/cmTryCompileExec2960698665.dir/link.txt --verbose=1
/usr/bin/cc       CMakeFiles/cmTryCompileExec2960698665.dir/testCCompiler.c.o  -o cmTryCompileExec2960698665 -rdynamic 
make[1]: Leaving directory '/home/stuxnet/Desktop/projecthumeur/One Millisecond Face Alignment with an Ensemble of Regression Trees/python_examples/build/CMakeFiles/CMakeTmp'


Detecting C compiler ABI info compiled with the following output:
Change Dir: /home/stuxnet/Desktop/projecthumeur/One Millisecond Face Alignment with an Ensemble of Regression Trees/python_examples/build/CMakeFiles/CMakeTmp

Run Build Command:/usr/bin/make "cmTryCompileExec4027719596/fast"
/usr/bin/make -f CMakeFiles/cmTryCompileExec4027719596.dir/build.make CMakeFiles/cmTryCompileExec4027719596.dir/build
make[1]: Entering directory '/home/stuxnet/Desktop/projecthumeur/One Millisecond Face Alignment with an Ensemble of Regression Trees/python_examples/build/CMakeFiles/CMakeTmp'
/usr/bin/cmake -E cmake_progress_report "/home/stuxnet/Desktop/projecthumeur/One Millisecond Face Alignment with an Ensemble of Regression Trees/python_examples/build/CMakeFiles/CMakeTmp/CMakeFiles" 1
Building C object CMakeFiles/cmTryCompileExec4027719596.dir/CMakeCCompilerABI.c.o
/usr/bin/cc    -o CMakeFiles/cmTryCompileExec4027719596.dir/CMakeCCompilerABI.c.o   -c /usr/share/cmake-2.8/Modules/CMakeCCompilerABI.c
Linking C executable cmTryCompileExec4027719596
/usr/bin/cmake -E cmake_link_script CMakeFiles/cmTryCompileExec4027719596.dir/link.txt --verbose=1
/usr/bin/cc     -v CMakeFiles/cmTryCompileExec4027719596.dir/CMakeCCompilerABI.c.o  -o cmTryCompileExec4027719596 -rdynamic  
Using built-in specs.
COLLECT_GCC=/usr/bin/cc
COLLECT_LTO_WRAPPER=/usr/lib/gcc/x86_64-linux-gnu/4.9/lto-wrapper
Target: x86_64-linux-gnu
Configured with: ../src/configure -v --with-pkgversion='Ubuntu 4.9.1-16ubuntu6' --with-bugurl=file:///usr/share/doc/gcc-4.9/README.Bugs --enable-languages=c,c++,java,go,d,fortran,objc,obj-c++ --prefix=/usr --program-suffix=-4.9 --enable-shared --enable-linker-build-id --libexecdir=/usr/lib --without-included-gettext --enable-threads=posix --with-gxx-include-dir=/usr/include/c++/4.9 --libdir=/usr/lib --enable-nls --with-sysroot=/ --enable-clocale=gnu --enable-libstdcxx-debug --enable-libstdcxx-time=yes --enable-gnu-unique-object --disable-vtable-verify --enable-plugin --with-system-zlib --disable-browser-plugin --enable-java-awt=gtk --enable-gtk-cairo --with-java-home=/usr/lib/jvm/java-1.5.0-gcj-4.9-amd64/jre --enable-java-home --with-jvm-root-dir=/usr/lib/jvm/java-1.5.0-gcj-4.9-amd64 --with-jvm-jar-dir=/usr/lib/jvm-exports/java-1.5.0-gcj-4.9-amd64 --with-arch-directory=amd64 --with-ecj-jar=/usr/share/java/eclipse-ecj.jar --enable-objc-gc --enable-multiarch --disable-werror --with-arch-32=i686 --with-abi=m64 --with-multilib-list=m32,m64,mx32 --enable-multilib --with-tune=generic --enable-checking=release --build=x86_64-linux-gnu --host=x86_64-linux-gnu --target=x86_64-linux-gnu
Thread model: posix
gcc version 4.9.1 (Ubuntu 4.9.1-16ubuntu6) 
COMPILER_PATH=/usr/lib/gcc/x86_64-linux-gnu/4.9/:/usr/lib/gcc/x86_64-linux-gnu/4.9/:/usr/lib/gcc/x86_64-linux-gnu/:/usr/lib/gcc/x86_64-linux-gnu/4.9/:/usr/lib/gcc/x86_64-linux-gnu/
LIBRARY_PATH=/usr/lib/gcc/x86_64-linux-gnu/4.9/:/usr/lib/gcc/x86_64-linux-gnu/4.9/../../../x86_64-linux-gnu/:/usr/lib/gcc/x86_64-linux-gnu/4.9/../../../../lib/:/lib/x86_64-linux-gnu/:/lib/../lib/:/usr/lib/x86_64-linux-gnu/:/usr/lib/../lib/:/usr/lib/gcc/x86_64-linux-gnu/4.9/../../../:/lib/:/usr/lib/
COLLECT_GCC_OPTIONS='-v' '-o' 'cmTryCompileExec4027719596' '-rdynamic' '-mtune=generic' '-march=x86-64'
 /usr/lib/gcc/x86_64-linux-gnu/4.9/collect2 -plugin /usr/lib/gcc/x86_64-linux-gnu/4.9/liblto_plugin.so -plugin-opt=/usr/lib/gcc/x86_64-linux-gnu/4.9/lto-wrapper -plugin-opt=-fresolution=/tmp/cc2N6bNl.res -plugin-opt=-pass-through=-lgcc -plugin-opt=-pass-through=-lgcc_s -plugin-opt=-pass-through=-lc -plugin-opt=-pass-through=-lgcc -plugin-opt=-pass-through=-lgcc_s --sysroot=/ --build-id --eh-frame-hdr -m elf_x86_64 --hash-style=gnu --as-needed -export-dynamic -dynamic-linker /lib64/ld-linux-x86-64.so.2 -z relro -o cmTryCompileExec4027719596 /usr/lib/gcc/x86_64-linux-gnu/4.9/../../../x86_64-linux-gnu/crt1.o /usr/lib/gcc/x86_64-linux-gnu/4.9/../../../x86_64-linux-gnu/crti.o /usr/lib/gcc/x86_64-linux-gnu/4.9/crtbegin.o -L/usr/lib/gcc/x86_64-linux-gnu/4.9 -L/usr/lib/gcc/x86_64-linux-gnu/4.9/../../../x86_64-linux-gnu -L/usr/lib/gcc/x86_64-linux-gnu/4.9/../../../../lib -L/lib/x86_64-linux-gnu -L/lib/../lib -L/usr/lib/x86_64-linux-gnu -L/usr/lib/../lib -L/usr/lib/gcc/x86_64-linux-gnu/4.9/../../.. CMakeFiles/cmTryCompileExec4027719596.dir/CMakeCCompilerABI.c.o -lgcc --as-needed -lgcc_s --no-as-needed -lc -lgcc --as-needed -lgcc_s --no-as-needed /usr/lib/gcc/x86_64-linux-gnu/4.9/crtend.o /usr/lib/gcc/x86_64-linux-gnu/4.9/../../../x86_64-linux-gnu/crtn.o
make[1]: Leaving directory '/home/stuxnet/Desktop/projecthumeur/One Millisecond Face Alignment with an Ensemble of Regression Trees/python_examples/build/CMakeFiles/CMakeTmp'


Parsed C implicit link information from above output:
  link line regex: [^( *|.*[/\])(ld|([^/\]+-)?ld|collect2)[^/\]*( |$)]
  ignore line: [Change Dir: /home/stuxnet/Desktop/projecthumeur/One Millisecond Face Alignment with an Ensemble of Regression Trees/python_examples/build/CMakeFiles/CMakeTmp]
  ignore line: []
  ignore line: [Run Build Command:/usr/bin/make "cmTryCompileExec4027719596/fast"]
  ignore line: [/usr/bin/make -f CMakeFiles/cmTryCompileExec4027719596.dir/build.make CMakeFiles/cmTryCompileExec4027719596.dir/build]
  ignore line: [make[1]: Entering directory '/home/stuxnet/Desktop/projecthumeur/One Millisecond Face Alignment with an Ensemble of Regression Trees/python_examples/build/CMakeFiles/CMakeTmp']
  ignore line: [/usr/bin/cmake -E cmake_progress_report "/home/stuxnet/Desktop/projecthumeur/One Millisecond Face Alignment with an Ensemble of Regression Trees/python_examples/build/CMakeFiles/CMakeTmp/CMakeFiles" 1]
  ignore line: [Building C object CMakeFiles/cmTryCompileExec4027719596.dir/CMakeCCompilerABI.c.o]
  ignore line: [/usr/bin/cc    -o CMakeFiles/cmTryCompileExec4027719596.dir/CMakeCCompilerABI.c.o   -c /usr/share/cmake-2.8/Modules/CMakeCCompilerABI.c]
  ignore line: [Linking C executable cmTryCompileExec4027719596]
  ignore line: [/usr/bin/cmake -E cmake_link_script CMakeFiles/cmTryCompileExec4027719596.dir/link.txt --verbose=1]
  ignore line: [/usr/bin/cc     -v CMakeFiles/cmTryCompileExec4027719596.dir/CMakeCCompilerABI.c.o  -o cmTryCompileExec4027719596 -rdynamic  ]
  ignore line: [Using built-in specs.]
  ignore line: [COLLECT_GCC=/usr/bin/cc]
  ignore line: [COLLECT_LTO_WRAPPER=/usr/lib/gcc/x86_64-linux-gnu/4.9/lto-wrapper]
  ignore line: [Target: x86_64-linux-gnu]
  ignore line: [Configured with: ../src/configure -v --with-pkgversion='Ubuntu 4.9.1-16ubuntu6' --with-bugurl=file:///usr/share/doc/gcc-4.9/README.Bugs --enable-languages=c,c++,java,go,d,fortran,objc,obj-c++ --prefix=/usr --program-suffix=-4.9 --enable-shared --enable-linker-build-id --libexecdir=/usr/lib --without-included-gettext --enable-threads=posix --with-gxx-include-dir=/usr/include/c++/4.9 --libdir=/usr/lib --enable-nls --with-sysroot=/ --enable-clocale=gnu --enable-libstdcxx-debug --enable-libstdcxx-time=yes --enable-gnu-unique-object --disable-vtable-verify --enable-plugin --with-system-zlib --disable-browser-plugin --enable-java-awt=gtk --enable-gtk-cairo --with-java-home=/usr/lib/jvm/java-1.5.0-gcj-4.9-amd64/jre --enable-java-home --with-jvm-root-dir=/usr/lib/jvm/java-1.5.0-gcj-4.9-amd64 --with-jvm-jar-dir=/usr/lib/jvm-exports/java-1.5.0-gcj-4.9-amd64 --with-arch-directory=amd64 --with-ecj-jar=/usr/share/java/eclipse-ecj.jar --enable-objc-gc --enable-multiarch --disable-werror --with-arch-32=i686 --with-abi=m64 --with-multilib-list=m32,m64,mx32 --enable-multilib --with-tune=generic --enable-checking=release --build=x86_64-linux-gnu --host=x86_64-linux-gnu --target=x86_64-linux-gnu]
  ignore line: [Thread model: posix]
  ignore line: [gcc version 4.9.1 (Ubuntu 4.9.1-16ubuntu6) ]
  ignore line: [COMPILER_PATH=/usr/lib/gcc/x86_64-linux-gnu/4.9/:/usr/lib/gcc/x86_64-linux-gnu/4.9/:/usr/lib/gcc/x86_64-linux-gnu/:/usr/lib/gcc/x86_64-linux-gnu/4.9/:/usr/lib/gcc/x86_64-linux-gnu/]
  ignore line: [LIBRARY_PATH=/usr/lib/gcc/x86_64-linux-gnu/4.9/:/usr/lib/gcc/x86_64-linux-gnu/4.9/../../../x86_64-linux-gnu/:/usr/lib/gcc/x86_64-linux-gnu/4.9/../../../../lib/:/lib/x86_64-linux-gnu/:/lib/../lib/:/usr/lib/x86_64-linux-gnu/:/usr/lib/../lib/:/usr/lib/gcc/x86_64-linux-gnu/4.9/../../../:/lib/:/usr/lib/]
  ignore line: [COLLECT_GCC_OPTIONS='-v' '-o' 'cmTryCompileExec4027719596' '-rdynamic' '-mtune=generic' '-march=x86-64']
  link line: [ /usr/lib/gcc/x86_64-linux-gnu/4.9/collect2 -plugin /usr/lib/gcc/x86_64-linux-gnu/4.9/liblto_plugin.so -plugin-opt=/usr/lib/gcc/x86_64-linux-gnu/4.9/lto-wrapper -plugin-opt=-fresolution=/tmp/cc2N6bNl.res -plugin-opt=-pass-through=-lgcc -plugin-opt=-pass-through=-lgcc_s -plugin-opt=-pass-through=-lc -plugin-opt=-pass-through=-lgcc -plugin-opt=-pass-through=-lgcc_s --sysroot=/ --build-id --eh-frame-hdr -m elf_x86_64 --hash-style=gnu --as-needed -export-dynamic -dynamic-linker /lib64/ld-linux-x86-64.so.2 -z relro -o cmTryCompileExec4027719596 /usr/lib/gcc/x86_64-linux-gnu/4.9/../../../x86_64-linux-gnu/crt1.o /usr/lib/gcc/x86_64-linux-gnu/4.9/../../../x86_64-linux-gnu/crti.o /usr/lib/gcc/x86_64-linux-gnu/4.9/crtbegin.o -L/usr/lib/gcc/x86_64-linux-gnu/4.9 -L/usr/lib/gcc/x86_64-linux-gnu/4.9/../../../x86_64-linux-gnu -L/usr/lib/gcc/x86_64-linux-gnu/4.9/../../../../lib -L/lib/x86_64-linux-gnu -L/lib/../lib -L/usr/lib/x86_64-linux-gnu -L/usr/lib/../lib -L/usr/lib/gcc/x86_64-linux-gnu/4.9/../../.. CMakeFiles/cmTryCompileExec4027719596.dir/CMakeCCompilerABI.c.o -lgcc --as-needed -lgcc_s --no-as-needed -lc -lgcc --as-needed -lgcc_s --no-as-needed /usr/lib/gcc/x86_64-linux-gnu/4.9/crtend.o /usr/lib/gcc/x86_64-linux-gnu/4.9/../../../x86_64-linux-gnu/crtn.o]
    arg [/usr/lib/gcc/x86_64-linux-gnu/4.9/collect2] ==> ignore
    arg [-plugin] ==> ignore
    arg [/usr/lib/gcc/x86_64-linux-gnu/4.9/liblto_plugin.so] ==> ignore
    arg [-plugin-opt=/usr/lib/gcc/x86_64-linux-gnu/4.9/lto-wrapper] ==> ignore
    arg [-plugin-opt=-fresolution=/tmp/cc2N6bNl.res] ==> ignore
    arg [-plugin-opt=-pass-through=-lgcc] ==> ignore
    arg [-plugin-opt=-pass-through=-lgcc_s] ==> ignore
    arg [-plugin-opt=-pass-through=-lc] ==> ignore
    arg [-plugin-opt=-pass-through=-lgcc] ==> ignore
    arg [-plugin-opt=-pass-through=-lgcc_s] ==> ignore
    arg [--sysroot=/] ==> ignore
    arg [--build-id] ==> ignore
    arg [--eh-frame-hdr] ==> ignore
    arg [-m] ==> ignore
    arg [elf_x86_64] ==> ignore
    arg [--hash-style=gnu] ==> ignore
    arg [--as-needed] ==> ignore
    arg [-export-dynamic] ==> ignore
    arg [-dynamic-linker] ==> ignore
    arg [/lib64/ld-linux-x86-64.so.2] ==> ignore
    arg [-zrelro] ==> ignore
    arg [-o] ==> ignore
    arg [cmTryCompileExec4027719596] ==> ignore
    arg [/usr/lib/gcc/x86_64-linux-gnu/4.9/../../../x86_64-linux-gnu/crt1.o] ==> ignore
    arg [/usr/lib/gcc/x86_64-linux-gnu/4.9/../../../x86_64-linux-gnu/crti.o] ==> ignore
    arg [/usr/lib/gcc/x86_64-linux-gnu/4.9/crtbegin.o] ==> ignore
    arg [-L/usr/lib/gcc/x86_64-linux-gnu/4.9] ==> dir [/usr/lib/gcc/x86_64-linux-gnu/4.9]
    arg [-L/usr/lib/gcc/x86_64-linux-gnu/4.9/../../../x86_64-linux-gnu] ==> dir [/usr/lib/gcc/x86_64-linux-gnu/4.9/../../../x86_64-linux-gnu]
    arg [-L/usr/lib/gcc/x86_64-linux-gnu/4.9/../../../../lib] ==> dir [/usr/lib/gcc/x86_64-linux-gnu/4.9/../../../../lib]
    arg [-L/lib/x86_64-linux-gnu] ==> dir [/lib/x86_64-linux-gnu]
    arg [-L/lib/../lib] ==> dir [/lib/../lib]
    arg [-L/usr/lib/x86_64-linux-gnu] ==> dir [/usr/lib/x86_64-linux-gnu]
    arg [-L/usr/lib/../lib] ==> dir [/usr/lib/../lib]
    arg [-L/usr/lib/gcc/x86_64-linux-gnu/4.9/../../..] ==> dir [/usr/lib/gcc/x86_64-linux-gnu/4.9/../../..]
    arg [CMakeFiles/cmTryCompileExec4027719596.dir/CMakeCCompilerABI.c.o] ==> ignore
    arg [-lgcc] ==> lib [gcc]
    arg [--as-needed] ==> ignore
    arg [-lgcc_s] ==> lib [gcc_s]
    arg [--no-as-needed] ==> ignore
    arg [-lc] ==> lib [c]
    arg [-lgcc] ==> lib [gcc]
    arg [--as-needed] ==> ignore
    arg [-lgcc_s] ==> lib [gcc_s]
    arg [--no-as-needed] ==> ignore
    arg [/usr/lib/gcc/x86_64-linux-gnu/4.9/crtend.o] ==> ignore
    arg [/usr/lib/gcc/x86_64-linux-gnu/4.9/../../../x86_64-linux-gnu/crtn.o] ==> ignore
  remove lib [gcc]
  remove lib [gcc_s]
  remove lib [gcc]
  remove lib [gcc_s]
  collapse library dir [/usr/lib/gcc/x86_64-linux-gnu/4.9] ==> [/usr/lib/gcc/x86_64-linux-gnu/4.9]
  collapse library dir [/usr/lib/gcc/x86_64-linux-gnu/4.9/../../../x86_64-linux-gnu] ==> [/usr/lib/x86_64-linux-gnu]
  collapse library dir [/usr/lib/gcc/x86_64-linux-gnu/4.9/../../../../lib] ==> [/usr/lib]
  collapse library dir [/lib/x86_64-linux-gnu] ==> [/lib/x86_64-linux-gnu]
  collapse library dir [/lib/../lib] ==> [/lib]
  collapse library dir [/usr/lib/x86_64-linux-gnu] ==> [/usr/lib/x86_64-linux-gnu]
  collapse library dir [/usr/lib/../lib] ==> [/usr/lib]
  collapse library dir [/usr/lib/gcc/x86_64-linux-gnu/4.9/../../..] ==> [/usr/lib]
  implicit libs: [c]
  implicit dirs: [/usr/lib/gcc/x86_64-linux-gnu/4.9;/usr/lib/x86_64-linux-gnu;/usr/lib;/lib/x86_64-linux-gnu;/lib]
  implicit fwks: []


Determining if the CXX compiler works passed with the following output:
Change Dir: /home/stuxnet/Desktop/projecthumeur/One Millisecond Face Alignment with an Ensemble of Regression Trees/python_examples/build/CMakeFiles/CMakeTmp

Run Build Command:/usr/bin/make "cmTryCompileExec2894364850/fast"
/usr/bin/make -f CMakeFiles/cmTryCompileExec2894364850.dir/build.make CMakeFiles/cmTryCompileExec2894364850.dir/build
make[1]: Entering directory '/home/stuxnet/Desktop/projecthumeur/One Millisecond Face Alignment with an Ensemble of Regression Trees/python_examples/build/CMakeFiles/CMakeTmp'
/usr/bin/cmake -E cmake_progress_report "/home/stuxnet/Desktop/projecthumeur/One Millisecond Face Alignment with an Ensemble of Regression Trees/python_examples/build/CMakeFiles/CMakeTmp/CMakeFiles" 1
Building CXX object CMakeFiles/cmTryCompileExec2894364850.dir/testCXXCompiler.cxx.o
/usr/bin/c++     -o CMakeFiles/cmTryCompileExec2894364850.dir/testCXXCompiler.cxx.o -c "/home/stuxnet/Desktop/projecthumeur/One Millisecond Face Alignment with an Ensemble of Regression Trees/python_examples/build/CMakeFiles/CMakeTmp/testCXXCompiler.cxx"
Linking CXX executable cmTryCompileExec2894364850
/usr/bin/cmake -E cmake_link_script CMakeFiles/cmTryCompileExec2894364850.dir/link.txt --verbose=1
/usr/bin/c++        CMakeFiles/cmTryCompileExec2894364850.dir/testCXXCompiler.cxx.o  -o cmTryCompileExec2894364850 -rdynamic 
make[1]: Leaving directory '/home/stuxnet/Desktop/projecthumeur/One Millisecond Face Alignment with an Ensemble of Regression Trees/python_examples/build/CMakeFiles/CMakeTmp'


Detecting CXX compiler ABI info compiled with the following output:
Change Dir: /home/stuxnet/Desktop/projecthumeur/One Millisecond Face Alignment with an Ensemble of Regression Trees/python_examples/build/CMakeFiles/CMakeTmp

Run Build Command:/usr/bin/make "cmTryCompileExec1452375692/fast"
/usr/bin/make -f CMakeFiles/cmTryCompileExec1452375692.dir/build.make CMakeFiles/cmTryCompileExec1452375692.dir/build
make[1]: Entering directory '/home/stuxnet/Desktop/projecthumeur/One Millisecond Face Alignment with an Ensemble of Regression Trees/python_examples/build/CMakeFiles/CMakeTmp'
/usr/bin/cmake -E cmake_progress_report "/home/stuxnet/Desktop/projecthumeur/One Millisecond Face Alignment with an Ensemble of Regression Trees/python_examples/build/CMakeFiles/CMakeTmp/CMakeFiles" 1
Building CXX object CMakeFiles/cmTryCompileExec1452375692.dir/CMakeCXXCompilerABI.cpp.o
/usr/bin/c++     -o CMakeFiles/cmTryCompileExec1452375692.dir/CMakeCXXCompilerABI.cpp.o -c /usr/share/cmake-2.8/Modules/CMakeCXXCompilerABI.cpp
Linking CXX executable cmTryCompileExec1452375692
/usr/bin/cmake -E cmake_link_script CMakeFiles/cmTryCompileExec1452375692.dir/link.txt --verbose=1
/usr/bin/c++      -v CMakeFiles/cmTryCompileExec1452375692.dir/CMakeCXXCompilerABI.cpp.o  -o cmTryCompileExec1452375692 -rdynamic  
Using built-in specs.
COLLECT_GCC=/usr/bin/c++
COLLECT_LTO_WRAPPER=/usr/lib/gcc/x86_64-linux-gnu/4.9/lto-wrapper
Target: x86_64-linux-gnu
Configured with: ../src/configure -v --with-pkgversion='Ubuntu 4.9.1-16ubuntu6' --with-bugurl=file:///usr/share/doc/gcc-4.9/README.Bugs --enable-languages=c,c++,java,go,d,fortran,objc,obj-c++ --prefix=/usr --program-suffix=-4.9 --enable-shared --enable-linker-build-id --libexecdir=/usr/lib --without-included-gettext --enable-threads=posix --with-gxx-include-dir=/usr/include/c++/4.9 --libdir=/usr/lib --enable-nls --with-sysroot=/ --enable-clocale=gnu --enable-libstdcxx-debug --enable-libstdcxx-time=yes --enable-gnu-unique-object --disable-vtable-verify --enable-plugin --with-system-zlib --disable-browser-plugin --enable-java-awt=gtk --enable-gtk-cairo --with-java-home=/usr/lib/jvm/java-1.5.0-gcj-4.9-amd64/jre --enable-java-home --with-jvm-root-dir=/usr/lib/jvm/java-1.5.0-gcj-4.9-amd64 --with-jvm-jar-dir=/usr/lib/jvm-exports/java-1.5.0-gcj-4.9-amd64 --with-arch-directory=amd64 --with-ecj-jar=/usr/share/java/eclipse-ecj.jar --enable-objc-gc --enable-multiarch --disable-werror --with-arch-32=i686 --with-abi=m64 --with-multilib-list=m32,m64,mx32 --enable-multilib --with-tune=generic --enable-checking=release --build=x86_64-linux-gnu --host=x86_64-linux-gnu --target=x86_64-linux-gnu
Thread model: posix
gcc version 4.9.1 (Ubuntu 4.9.1-16ubuntu6) 
COMPILER_PATH=/usr/lib/gcc/x86_64-linux-gnu/4.9/:/usr/lib/gcc/x86_64-linux-gnu/4.9/:/usr/lib/gcc/x86_64-linux-gnu/:/usr/lib/gcc/x86_64-linux-gnu/4.9/:/usr/lib/gcc/x86_64-linux-gnu/
LIBRARY_PATH=/usr/lib/gcc/x86_64-linux-gnu/4.9/:/usr/lib/gcc/x86_64-linux-gnu/4.9/../../../x86_64-linux-gnu/:/usr/lib/gcc/x86_64-linux-gnu/4.9/../../../../lib/:/lib/x86_64-linux-gnu/:/lib/../lib/:/usr/lib/x86_64-linux-gnu/:/usr/lib/../lib/:/usr/lib/gcc/x86_64-linux-gnu/4.9/../../../:/lib/:/usr/lib/
COLLECT_GCC_OPTIONS='-v' '-o' 'cmTryCompileExec1452375692' '-rdynamic' '-shared-libgcc' '-mtune=generic' '-march=x86-64'
 /usr/lib/gcc/x86_64-linux-gnu/4.9/collect2 -plugin /usr/lib/gcc/x86_64-linux-gnu/4.9/liblto_plugin.so -plugin-opt=/usr/lib/gcc/x86_64-linux-gnu/4.9/lto-wrapper -plugin-opt=-fresolution=/tmp/ccZxiDmv.res -plugin-opt=-pass-through=-lgcc_s -plugin-opt=-pass-through=-lgcc -plugin-opt=-pass-through=-lc -plugin-opt=-pass-through=-lgcc_s -plugin-opt=-pass-through=-lgcc --sysroot=/ --build-id --eh-frame-hdr -m elf_x86_64 --hash-style=gnu --as-needed -export-dynamic -dynamic-linker /lib64/ld-linux-x86-64.so.2 -z relro -o cmTryCompileExec1452375692 /usr/lib/gcc/x86_64-linux-gnu/4.9/../../../x86_64-linux-gnu/crt1.o /usr/lib/gcc/x86_64-linux-gnu/4.9/../../../x86_64-linux-gnu/crti.o /usr/lib/gcc/x86_64-linux-gnu/4.9/crtbegin.o -L/usr/lib/gcc/x86_64-linux-gnu/4.9 -L/usr/lib/gcc/x86_64-linux-gnu/4.9/../../../x86_64-linux-gnu -L/usr/lib/gcc/x86_64-linux-gnu/4.9/../../../../lib -L/lib/x86_64-linux-gnu -L/lib/../lib -L/usr/lib/x86_64-linux-gnu -L/usr/lib/../lib -L/usr/lib/gcc/x86_64-linux-gnu/4.9/../../.. CMakeFiles/cmTryCompileExec1452375692.dir/CMakeCXXCompilerABI.cpp.o -lstdc++ -lm -lgcc_s -lgcc -lc -lgcc_s -lgcc /usr/lib/gcc/x86_64-linux-gnu/4.9/crtend.o /usr/lib/gcc/x86_64-linux-gnu/4.9/../../../x86_64-linux-gnu/crtn.o
make[1]: Leaving directory '/home/stuxnet/Desktop/projecthumeur/One Millisecond Face Alignment with an Ensemble of Regression Trees/python_examples/build/CMakeFiles/CMakeTmp'


Parsed CXX implicit link information from above output:
  link line regex: [^( *|.*[/\])(ld|([^/\]+-)?ld|collect2)[^/\]*( |$)]
  ignore line: [Change Dir: /home/stuxnet/Desktop/projecthumeur/One Millisecond Face Alignment with an Ensemble of Regression Trees/python_examples/build/CMakeFiles/CMakeTmp]
  ignore line: []
  ignore line: [Run Build Command:/usr/bin/make "cmTryCompileExec1452375692/fast"]
  ignore line: [/usr/bin/make -f CMakeFiles/cmTryCompileExec1452375692.dir/build.make CMakeFiles/cmTryCompileExec1452375692.dir/build]
  ignore line: [make[1]: Entering directory '/home/stuxnet/Desktop/projecthumeur/One Millisecond Face Alignment with an Ensemble of Regression Trees/python_examples/build/CMakeFiles/CMakeTmp']
  ignore line: [/usr/bin/cmake -E cmake_progress_report "/home/stuxnet/Desktop/projecthumeur/One Millisecond Face Alignment with an Ensemble of Regression Trees/python_examples/build/CMakeFiles/CMakeTmp/CMakeFiles" 1]
  ignore line: [Building CXX object CMakeFiles/cmTryCompileExec1452375692.dir/CMakeCXXCompilerABI.cpp.o]
  ignore line: [/usr/bin/c++     -o CMakeFiles/cmTryCompileExec1452375692.dir/CMakeCXXCompilerABI.cpp.o -c /usr/share/cmake-2.8/Modules/CMakeCXXCompilerABI.cpp]
  ignore line: [Linking CXX executable cmTryCompileExec1452375692]
  ignore line: [/usr/bin/cmake -E cmake_link_script CMakeFiles/cmTryCompileExec1452375692.dir/link.txt --verbose=1]
  ignore line: [/usr/bin/c++      -v CMakeFiles/cmTryCompileExec1452375692.dir/CMakeCXXCompilerABI.cpp.o  -o cmTryCompileExec1452375692 -rdynamic  ]
  ignore line: [Using built-in specs.]
  ignore line: [COLLECT_GCC=/usr/bin/c++]
  ignore line: [COLLECT_LTO_WRAPPER=/usr/lib/gcc/x86_64-linux-gnu/4.9/lto-wrapper]
  ignore line: [Target: x86_64-linux-gnu]
  ignore line: [Configured with: ../src/configure -v --with-pkgversion='Ubuntu 4.9.1-16ubuntu6' --with-bugurl=file:///usr/share/doc/gcc-4.9/README.Bugs --enable-languages=c,c++,java,go,d,fortran,objc,obj-c++ --prefix=/usr --program-suffix=-4.9 --enable-shared --enable-linker-build-id --libexecdir=/usr/lib --without-included-gettext --enable-threads=posix --with-gxx-include-dir=/usr/include/c++/4.9 --libdir=/usr/lib --enable-nls --with-sysroot=/ --enable-clocale=gnu --enable-libstdcxx-debug --enable-libstdcxx-time=yes --enable-gnu-unique-object --disable-vtable-verify --enable-plugin --with-system-zlib --disable-browser-plugin --enable-java-awt=gtk --enable-gtk-cairo --with-java-home=/usr/lib/jvm/java-1.5.0-gcj-4.9-amd64/jre --enable-java-home --with-jvm-root-dir=/usr/lib/jvm/java-1.5.0-gcj-4.9-amd64 --with-jvm-jar-dir=/usr/lib/jvm-exports/java-1.5.0-gcj-4.9-amd64 --with-arch-directory=amd64 --with-ecj-jar=/usr/share/java/eclipse-ecj.jar --enable-objc-gc --enable-multiarch --disable-werror --with-arch-32=i686 --with-abi=m64 --with-multilib-list=m32,m64,mx32 --enable-multilib --with-tune=generic --enable-checking=release --build=x86_64-linux-gnu --host=x86_64-linux-gnu --target=x86_64-linux-gnu]
  ignore line: [Thread model: posix]
  ignore line: [gcc version 4.9.1 (Ubuntu 4.9.1-16ubuntu6) ]
  ignore line: [COMPILER_PATH=/usr/lib/gcc/x86_64-linux-gnu/4.9/:/usr/lib/gcc/x86_64-linux-gnu/4.9/:/usr/lib/gcc/x86_64-linux-gnu/:/usr/lib/gcc/x86_64-linux-gnu/4.9/:/usr/lib/gcc/x86_64-linux-gnu/]
  ignore line: [LIBRARY_PATH=/usr/lib/gcc/x86_64-linux-gnu/4.9/:/usr/lib/gcc/x86_64-linux-gnu/4.9/../../../x86_64-linux-gnu/:/usr/lib/gcc/x86_64-linux-gnu/4.9/../../../../lib/:/lib/x86_64-linux-gnu/:/lib/../lib/:/usr/lib/x86_64-linux-gnu/:/usr/lib/../lib/:/usr/lib/gcc/x86_64-linux-gnu/4.9/../../../:/lib/:/usr/lib/]
  ignore line: [COLLECT_GCC_OPTIONS='-v' '-o' 'cmTryCompileExec1452375692' '-rdynamic' '-shared-libgcc' '-mtune=generic' '-march=x86-64']
  link line: [ /usr/lib/gcc/x86_64-linux-gnu/4.9/collect2 -plugin /usr/lib/gcc/x86_64-linux-gnu/4.9/liblto_plugin.so -plugin-opt=/usr/lib/gcc/x86_64-linux-gnu/4.9/lto-wrapper -plugin-opt=-fresolution=/tmp/ccZxiDmv.res -plugin-opt=-pass-through=-lgcc_s -plugin-opt=-pass-through=-lgcc -plugin-opt=-pass-through=-lc -plugin-opt=-pass-through=-lgcc_s -plugin-opt=-pass-through=-lgcc --sysroot=/ --build-id --eh-frame-hdr -m elf_x86_64 --hash-style=gnu --as-needed -export-dynamic -dynamic-linker /lib64/ld-linux-x86-64.so.2 -z relro -o cmTryCompileExec1452375692 /usr/lib/gcc/x86_64-linux-gnu/4.9/../../../x86_64-linux-gnu/crt1.o /usr/lib/gcc/x86_64-linux-gnu/4.9/../../../x86_64-linux-gnu/crti.o /usr/lib/gcc/x86_64-linux-gnu/4.9/crtbegin.o -L/usr/lib/gcc/x86_64-linux-gnu/4.9 -L/usr/lib/gcc/x86_64-linux-gnu/4.9/../../../x86_64-linux-gnu -L/usr/lib/gcc/x86_64-linux-gnu/4.9/../../../../lib -L/lib/x86_64-linux-gnu -L/lib/../lib -L/usr/lib/x86_64-linux-gnu -L/usr/lib/../lib -L/usr/lib/gcc/x86_64-linux-gnu/4.9/../../.. CMakeFiles/cmTryCompileExec1452375692.dir/CMakeCXXCompilerABI.cpp.o -lstdc++ -lm -lgcc_s -lgcc -lc -lgcc_s -lgcc /usr/lib/gcc/x86_64-linux-gnu/4.9/crtend.o /usr/lib/gcc/x86_64-linux-gnu/4.9/../../../x86_64-linux-gnu/crtn.o]
    arg [/usr/lib/gcc/x86_64-linux-gnu/4.9/collect2] ==> ignore
    arg [-plugin] ==> ignore
    arg [/usr/lib/gcc/x86_64-linux-gnu/4.9/liblto_plugin.so] ==> ignore
    arg [-plugin-opt=/usr/lib/gcc/x86_64-linux-gnu/4.9/lto-wrapper] ==> ignore
    arg [-plugin-opt=-fresolution=/tmp/ccZxiDmv.res] ==> ignore
    arg [-plugin-opt=-pass-through=-lgcc_s] ==> ignore
    arg [-plugin-opt=-pass-through=-lgcc] ==> ignore
    arg [-plugin-opt=-pass-through=-lc] ==> ignore
    arg [-plugin-opt=-pass-through=-lgcc_s] ==> ignore
    arg [-plugin-opt=-pass-through=-lgcc] ==> ignore
    arg [--sysroot=/] ==> ignore
    arg [--build-id] ==> ignore
    arg [--eh-frame-hdr] ==> ignore
    arg [-m] ==> ignore
    arg [elf_x86_64] ==> ignore
    arg [--hash-style=gnu] ==> ignore
    arg [--as-needed] ==> ignore
    arg [-export-dynamic] ==> ignore
    arg [-dynamic-linker] ==> ignore
    arg [/lib64/ld-linux-x86-64.so.2] ==> ignore
    arg [-zrelro] ==> ignore
    arg [-o] ==> ignore
    arg [cmTryCompileExec1452375692] ==> ignore
    arg [/usr/lib/gcc/x86_64-linux-gnu/4.9/../../../x86_64-linux-gnu/crt1.o] ==> ignore
    arg [/usr/lib/gcc/x86_64-linux-gnu/4.9/../../../x86_64-linux-gnu/crti.o] ==> ignore
    arg [/usr/lib/gcc/x86_64-linux-gnu/4.9/crtbegin.o] ==> ignore
    arg [-L/usr/lib/gcc/x86_64-linux-gnu/4.9] ==> dir [/usr/lib/gcc/x86_64-linux-gnu/4.9]
    arg [-L/usr/lib/gcc/x86_64-linux-gnu/4.9/../../../x86_64-linux-gnu] ==> dir [/usr/lib/gcc/x86_64-linux-gnu/4.9/../../../x86_64-linux-gnu]
    arg [-L/usr/lib/gcc/x86_64-linux-gnu/4.9/../../../../lib] ==> dir [/usr/lib/gcc/x86_64-linux-gnu/4.9/../../../../lib]
    arg [-L/lib/x86_64-linux-gnu] ==> dir [/lib/x86_64-linux-gnu]
    arg [-L/lib/../lib] ==> dir [/lib/../lib]
    arg [-L/usr/lib/x86_64-linux-gnu] ==> dir [/usr/lib/x86_64-linux-gnu]
    arg [-L/usr/lib/../lib] ==> dir [/usr/lib/../lib]
    arg [-L/usr/lib/gcc/x86_64-linux-gnu/4.9/../../..] ==> dir [/usr/lib/gcc/x86_64-linux-gnu/4.9/../../..]
    arg [CMakeFiles/cmTryCompileExec1452375692.dir/CMakeCXXCompilerABI.cpp.o] ==> ignore
    arg [-lstdc++] ==> lib [stdc++]
    arg [-lm] ==> lib [m]
    arg [-lgcc_s] ==> lib [gcc_s]
    arg [-lgcc] ==> lib [gcc]
    arg [-lc] ==> lib [c]
    arg [-lgcc_s] ==> lib [gcc_s]
    arg [-lgcc] ==> lib [gcc]
    arg [/usr/lib/gcc/x86_64-linux-gnu/4.9/crtend.o] ==> ignore
    arg [/usr/lib/gcc/x86_64-linux-gnu/4.9/../../../x86_64-linux-gnu/crtn.o] ==> ignore
  remove lib [gcc_s]
  remove lib [gcc]
  remove lib [gcc_s]
  remove lib [gcc]
  collapse library dir [/usr/lib/gcc/x86_64-linux-gnu/4.9] ==> [/usr/lib/gcc/x86_64-linux-gnu/4.9]
  collapse library dir [/usr/lib/gcc/x86_64-linux-gnu/4.9/../../../x86_64-linux-gnu] ==> [/usr/lib/x86_64-linux-gnu]
  collapse library dir [/usr/lib/gcc/x86_64-linux-gnu/4.9/../../../../lib] ==> [/usr/lib]
  collapse library dir [/lib/x86_64-linux-gnu] ==> [/lib/x86_64-linux-gnu]
  collapse library dir [/lib/../lib] ==> [/lib]
  collapse library dir [/usr/lib/x86_64-linux-gnu] ==> [/usr/lib/x86_64-linux-gnu]
  collapse library dir [/usr/lib/../lib] ==> [/usr/lib]
  collapse library dir [/usr/lib/gcc/x86_64-linux-gnu/4.9/../../..] ==> [/usr/lib]
  implicit libs: [stdc++;m;c]
  implicit dirs: [/usr/lib/gcc/x86_64-linux-gnu/4.9;/usr/lib/x86_64-linux-gnu;/usr/lib;/lib/x86_64-linux-gnu;/lib]
  implicit fwks: []


Determining if the function XOpenDisplay exists in the /usr/lib/x86_64-linux-gnu/libX11.so passed with the following output:
Change Dir: /home/stuxnet/Desktop/projecthumeur/One Millisecond Face Alignment with an Ensemble of Regression Trees/python_examples/build/CMakeFiles/CMakeTmp

Run Build Command:/usr/bin/make "cmTryCompileExec750900879/fast"
/usr/bin/make -f CMakeFiles/cmTryCompileExec750900879.dir/build.make CMakeFiles/cmTryCompileExec750900879.dir/build
make[1]: Entering directory '/home/stuxnet/Desktop/projecthumeur/One Millisecond Face Alignment with an Ensemble of Regression Trees/python_examples/build/CMakeFiles/CMakeTmp'
/usr/bin/cmake -E cmake_progress_report "/home/stuxnet/Desktop/projecthumeur/One Millisecond Face Alignment with an Ensemble of Regression Trees/python_examples/build/CMakeFiles/CMakeTmp/CMakeFiles" 1
Building C object CMakeFiles/cmTryCompileExec750900879.dir/CheckFunctionExists.c.o
/usr/bin/cc   -DCHECK_FUNCTION_EXISTS=XOpenDisplay   -o CMakeFiles/cmTryCompileExec750900879.dir/CheckFunctionExists.c.o   -c /usr/share/cmake-2.8/Modules/CheckFunctionExists.c
Linking C executable cmTryCompileExec750900879
/usr/bin/cmake -E cmake_link_script CMakeFiles/cmTryCompileExec750900879.dir/link.txt --verbose=1
/usr/bin/cc   -DCHECK_FUNCTION_EXISTS=XOpenDisplay    CMakeFiles/cmTryCompileExec750900879.dir/CheckFunctionExists.c.o  -o cmTryCompileExec750900879 -rdynamic -lX11 
make[1]: Leaving directory '/home/stuxnet/Desktop/projecthumeur/One Millisecond Face Alignment with an Ensemble of Regression Trees/python_examples/build/CMakeFiles/CMakeTmp'


Determining if the function gethostbyname exists passed with the following output:
Change Dir: /home/stuxnet/Desktop/projecthumeur/One Millisecond Face Alignment with an Ensemble of Regression Trees/python_examples/build/CMakeFiles/CMakeTmp

Run Build Command:/usr/bin/make "cmTryCompileExec1539716975/fast"
/usr/bin/make -f CMakeFiles/cmTryCompileExec1539716975.dir/build.make CMakeFiles/cmTryCompileExec1539716975.dir/build
make[1]: Entering directory '/home/stuxnet/Desktop/projecthumeur/One Millisecond Face Alignment with an Ensemble of Regression Trees/python_examples/build/CMakeFiles/CMakeTmp'
/usr/bin/cmake -E cmake_progress_report "/home/stuxnet/Desktop/projecthumeur/One Millisecond Face Alignment with an Ensemble of Regression Trees/python_examples/build/CMakeFiles/CMakeTmp/CMakeFiles" 1
Building C object CMakeFiles/cmTryCompileExec1539716975.dir/CheckFunctionExists.c.o
/usr/bin/cc   -DCHECK_FUNCTION_EXISTS=gethostbyname   -o CMakeFiles/cmTryCompileExec1539716975.dir/CheckFunctionExists.c.o   -c /usr/share/cmake-2.8/Modules/CheckFunctionExists.c
Linking C executable cmTryCompileExec1539716975
/usr/bin/cmake -E cmake_link_script CMakeFiles/cmTryCompileExec1539716975.dir/link.txt --verbose=1
/usr/bin/cc   -DCHECK_FUNCTION_EXISTS=gethostbyname    CMakeFiles/cmTryCompileExec1539716975.dir/CheckFunctionExists.c.o  -o cmTryCompileExec1539716975 -rdynamic 
make[1]: Leaving directory '/home/stuxnet/Desktop/projecthumeur/One Millisecond Face Alignment with an Ensemble of Regression Trees/python_examples/build/CMakeFiles/CMakeTmp'


Determining if the function connect exists passed with the following output:
Change Dir: /home/stuxnet/Desktop/projecthumeur/One Millisecond Face Alignment with an Ensemble of Regression Trees/python_examples/build/CMakeFiles/CMakeTmp

Run Build Command:/usr/bin/make "cmTryCompileExec555691015/fast"
/usr/bin/make -f CMakeFiles/cmTryCompileExec555691015.dir/build.make CMakeFiles/cmTryCompileExec555691015.dir/build
make[1]: Entering directory '/home/stuxnet/Desktop/projecthumeur/One Millisecond Face Alignment with an Ensemble of Regression Trees/python_examples/build/CMakeFiles/CMakeTmp'
/usr/bin/cmake -E cmake_progress_report "/home/stuxnet/Desktop/projecthumeur/One Millisecond Face Alignment with an Ensemble of Regression Trees/python_examples/build/CMakeFiles/CMakeTmp/CMakeFiles" 1
Building C object CMakeFiles/cmTryCompileExec555691015.dir/CheckFunctionExists.c.o
/usr/bin/cc   -DCHECK_FUNCTION_EXISTS=connect   -o CMakeFiles/cmTryCompileExec555691015.dir/CheckFunctionExists.c.o   -c /usr/share/cmake-2.8/Modules/CheckFunctionExists.c
Linking C executable cmTryCompileExec555691015
/usr/bin/cmake -E cmake_link_script CMakeFiles/cmTryCompileExec555691015.dir/link.txt --verbose=1
/usr/bin/cc   -DCHECK_FUNCTION_EXISTS=connect    CMakeFiles/cmTryCompileExec555691015.dir/CheckFunctionExists.c.o  -o cmTryCompileExec555691015 -rdynamic 
make[1]: Leaving directory '/home/stuxnet/Desktop/projecthumeur/One Millisecond Face Alignment with an Ensemble of Regression Trees/python_examples/build/CMakeFiles/CMakeTmp'


Determining if the function remove exists passed with the following output:
Change Dir: /home/stuxnet/Desktop/projecthumeur/One Millisecond Face Alignment with an Ensemble of Regression Trees/python_examples/build/CMakeFiles/CMakeTmp

Run Build Command:/usr/bin/make "cmTryCompileExec3072160806/fast"
/usr/bin/make -f CMakeFiles/cmTryCompileExec3072160806.dir/build.make CMakeFiles/cmTryCompileExec3072160806.dir/build
make[1]: Entering directory '/home/stuxnet/Desktop/projecthumeur/One Millisecond Face Alignment with an Ensemble of Regression Trees/python_examples/build/CMakeFiles/CMakeTmp'
/usr/bin/cmake -E cmake_progress_report "/home/stuxnet/Desktop/projecthumeur/One Millisecond Face Alignment with an Ensemble of Regression Trees/python_examples/build/CMakeFiles/CMakeTmp/CMakeFiles" 1
Building C object CMakeFiles/cmTryCompileExec3072160806.dir/CheckFunctionExists.c.o
/usr/bin/cc   -DCHECK_FUNCTION_EXISTS=remove   -o CMakeFiles/cmTryCompileExec3072160806.dir/CheckFunctionExists.c.o   -c /usr/share/cmake-2.8/Modules/CheckFunctionExists.c
Linking C executable cmTryCompileExec3072160806
/usr/bin/cmake -E cmake_link_script CMakeFiles/cmTryCompileExec3072160806.dir/link.txt --verbose=1
/usr/bin/cc   -DCHECK_FUNCTION_EXISTS=remove    CMakeFiles/cmTryCompileExec3072160806.dir/CheckFunctionExists.c.o  -o cmTryCompileExec3072160806 -rdynamic 
make[1]: Leaving directory '/home/stuxnet/Desktop/projecthumeur/One Millisecond Face Alignment with an Ensemble of Regression Trees/python_examples/build/CMakeFiles/CMakeTmp'


Determining if the function shmat exists passed with the following output:
Change Dir: /home/stuxnet/Desktop/projecthumeur/One Millisecond Face Alignment with an Ensemble of Regression Trees/python_examples/build/CMakeFiles/CMakeTmp

Run Build Command:/usr/bin/make "cmTryCompileExec3507883782/fast"
/usr/bin/make -f CMakeFiles/cmTryCompileExec3507883782.dir/build.make CMakeFiles/cmTryCompileExec3507883782.dir/build
make[1]: Entering directory '/home/stuxnet/Desktop/projecthumeur/One Millisecond Face Alignment with an Ensemble of Regression Trees/python_examples/build/CMakeFiles/CMakeTmp'
/usr/bin/cmake -E cmake_progress_report "/home/stuxnet/Desktop/projecthumeur/One Millisecond Face Alignment with an Ensemble of Regression Trees/python_examples/build/CMakeFiles/CMakeTmp/CMakeFiles" 1
Building C object CMakeFiles/cmTryCompileExec3507883782.dir/CheckFunctionExists.c.o
/usr/bin/cc   -DCHECK_FUNCTION_EXISTS=shmat   -o CMakeFiles/cmTryCompileExec3507883782.dir/CheckFunctionExists.c.o   -c /usr/share/cmake-2.8/Modules/CheckFunctionExists.c
Linking C executable cmTryCompileExec3507883782
/usr/bin/cmake -E cmake_link_script CMakeFiles/cmTryCompileExec3507883782.dir/link.txt --verbose=1
/usr/bin/cc   -DCHECK_FUNCTION_EXISTS=shmat    CMakeFiles/cmTryCompileExec3507883782.dir/CheckFunctionExists.c.o  -o cmTryCompileExec3507883782 -rdynamic 
make[1]: Leaving directory '/home/stuxnet/Desktop/projecthumeur/One Millisecond Face Alignment with an Ensemble of Regression Trees/python_examples/build/CMakeFiles/CMakeTmp'


Determining if the function IceConnectionNumber exists in the ICE passed with the following output:
Change Dir: /home/stuxnet/Desktop/projecthumeur/One Millisecond Face Alignment with an Ensemble of Regression Trees/python_examples/build/CMakeFiles/CMakeTmp

Run Build Command:/usr/bin/make "cmTryCompileExec949801251/fast"
/usr/bin/make -f CMakeFiles/cmTryCompileExec949801251.dir/build.make CMakeFiles/cmTryCompileExec949801251.dir/build
make[1]: Entering directory '/home/stuxnet/Desktop/projecthumeur/One Millisecond Face Alignment with an Ensemble of Regression Trees/python_examples/build/CMakeFiles/CMakeTmp'
/usr/bin/cmake -E cmake_progress_report "/home/stuxnet/Desktop/projecthumeur/One Millisecond Face Alignment with an Ensemble of Regression Trees/python_examples/build/CMakeFiles/CMakeTmp/CMakeFiles" 1
Building C object CMakeFiles/cmTryCompileExec949801251.dir/CheckFunctionExists.c.o
/usr/bin/cc   -DCHECK_FUNCTION_EXISTS=IceConnectionNumber   -o CMakeFiles/cmTryCompileExec949801251.dir/CheckFunctionExists.c.o   -c /usr/share/cmake-2.8/Modules/CheckFunctionExists.c
Linking C executable cmTryCompileExec949801251
/usr/bin/cmake -E cmake_link_script CMakeFiles/cmTryCompileExec949801251.dir/link.txt --verbose=1
/usr/bin/cc   -DCHECK_FUNCTION_EXISTS=IceConnectionNumber    CMakeFiles/cmTryCompileExec949801251.dir/CheckFunctionExists.c.o  -o cmTryCompileExec949801251 -rdynamic -lICE 
make[1]: Leaving directory '/home/stuxnet/Desktop/projecthumeur/One Millisecond Face Alignment with an Ensemble of Regression Trees/python_examples/build/CMakeFiles/CMakeTmp'


Determining if the include file sys/types.h exists passed with the following output:
Change Dir: /home/stuxnet/Desktop/projecthumeur/One Millisecond Face Alignment with an Ensemble of Regression Trees/python_examples/build/CMakeFiles/CMakeTmp

Run Build Command:/usr/bin/make "cmTryCompileExec2103761544/fast"
/usr/bin/make -f CMakeFiles/cmTryCompileExec2103761544.dir/build.make CMakeFiles/cmTryCompileExec2103761544.dir/build
make[1]: Entering directory '/home/stuxnet/Desktop/projecthumeur/One Millisecond Face Alignment with an Ensemble of Regression Trees/python_examples/build/CMakeFiles/CMakeTmp'
/usr/bin/cmake -E cmake_progress_report "/home/stuxnet/Desktop/projecthumeur/One Millisecond Face Alignment with an Ensemble of Regression Trees/python_examples/build/CMakeFiles/CMakeTmp/CMakeFiles" 1
Building C object CMakeFiles/cmTryCompileExec2103761544.dir/CheckIncludeFile.c.o
/usr/bin/cc    -o CMakeFiles/cmTryCompileExec2103761544.dir/CheckIncludeFile.c.o   -c "/home/stuxnet/Desktop/projecthumeur/One Millisecond Face Alignment with an Ensemble of Regression Trees/python_examples/build/CMakeFiles/CMakeTmp/CheckIncludeFile.c"
Linking C executable cmTryCompileExec2103761544
/usr/bin/cmake -E cmake_link_script CMakeFiles/cmTryCompileExec2103761544.dir/link.txt --verbose=1
/usr/bin/cc       CMakeFiles/cmTryCompileExec2103761544.dir/CheckIncludeFile.c.o  -o cmTryCompileExec2103761544 -rdynamic 
make[1]: Leaving directory '/home/stuxnet/Desktop/projecthumeur/One Millisecond Face Alignment with an Ensemble of Regression Trees/python_examples/build/CMakeFiles/CMakeTmp'


Determining if the include file stdint.h exists passed with the following output:
Change Dir: /home/stuxnet/Desktop/projecthumeur/One Millisecond Face Alignment with an Ensemble of Regression Trees/python_examples/build/CMakeFiles/CMakeTmp

Run Build Command:/usr/bin/make "cmTryCompileExec1641447400/fast"
/usr/bin/make -f CMakeFiles/cmTryCompileExec1641447400.dir/build.make CMakeFiles/cmTryCompileExec1641447400.dir/build
make[1]: Entering directory '/home/stuxnet/Desktop/projecthumeur/One Millisecond Face Alignment with an Ensemble of Regression Trees/python_examples/build/CMakeFiles/CMakeTmp'
/usr/bin/cmake -E cmake_progress_report "/home/stuxnet/Desktop/projecthumeur/One Millisecond Face Alignment with an Ensemble of Regression Trees/python_examples/build/CMakeFiles/CMakeTmp/CMakeFiles" 1
Building C object CMakeFiles/cmTryCompileExec1641447400.dir/CheckIncludeFile.c.o
/usr/bin/cc    -o CMakeFiles/cmTryCompileExec1641447400.dir/CheckIncludeFile.c.o   -c "/home/stuxnet/Desktop/projecthumeur/One Millisecond Face Alignment with an Ensemble of Regression Trees/python_examples/build/CMakeFiles/CMakeTmp/CheckIncludeFile.c"
Linking C executable cmTryCompileExec1641447400
/usr/bin/cmake -E cmake_link_script CMakeFiles/cmTryCompileExec1641447400.dir/link.txt --verbose=1
/usr/bin/cc       CMakeFiles/cmTryCompileExec1641447400.dir/CheckIncludeFile.c.o  -o cmTryCompileExec1641447400 -rdynamic 
make[1]: Leaving directory '/home/stuxnet/Desktop/projecthumeur/One Millisecond Face Alignment with an Ensemble of Regression Trees/python_examples/build/CMakeFiles/CMakeTmp'


Determining if the include file stddef.h exists passed with the following output:
Change Dir: /home/stuxnet/Desktop/projecthumeur/One Millisecond Face Alignment with an Ensemble of Regression Trees/python_examples/build/CMakeFiles/CMakeTmp

Run Build Command:/usr/bin/make "cmTryCompileExec64843614/fast"
/usr/bin/make -f CMakeFiles/cmTryCompileExec64843614.dir/build.make CMakeFiles/cmTryCompileExec64843614.dir/build
make[1]: Entering directory '/home/stuxnet/Desktop/projecthumeur/One Millisecond Face Alignment with an Ensemble of Regression Trees/python_examples/build/CMakeFiles/CMakeTmp'
/usr/bin/cmake -E cmake_progress_report "/home/stuxnet/Desktop/projecthumeur/One Millisecond Face Alignment with an Ensemble of Regression Trees/python_examples/build/CMakeFiles/CMakeTmp/CMakeFiles" 1
Building C object CMakeFiles/cmTryCompileExec64843614.dir/CheckIncludeFile.c.o
/usr/bin/cc    -o CMakeFiles/cmTryCompileExec64843614.dir/CheckIncludeFile.c.o   -c "/home/stuxnet/Desktop/projecthumeur/One Millisecond Face Alignment with an Ensemble of Regression Trees/python_examples/build/CMakeFiles/CMakeTmp/CheckIncludeFile.c"
Linking C executable cmTryCompileExec64843614
/usr/bin/cmake -E cmake_link_script CMakeFiles/cmTryCompileExec64843614.dir/link.txt --verbose=1
/usr/bin/cc       CMakeFiles/cmTryCompileExec64843614.dir/CheckIncludeFile.c.o  -o cmTryCompileExec64843614 -rdynamic 
make[1]: Leaving directory '/home/stuxnet/Desktop/projecthumeur/One Millisecond Face Alignment with an Ensemble of Regression Trees/python_examples/build/CMakeFiles/CMakeTmp'


Determining size of void* passed with the following output:
Change Dir: /home/stuxnet/Desktop/projecthumeur/One Millisecond Face Alignment with an Ensemble of Regression Trees/python_examples/build/CMakeFiles/CMakeTmp

Run Build Command:/usr/bin/make "cmTryCompileExec3877402186/fast"
/usr/bin/make -f CMakeFiles/cmTryCompileExec3877402186.dir/build.make CMakeFiles/cmTryCompileExec3877402186.dir/build
make[1]: Entering directory '/home/stuxnet/Desktop/projecthumeur/One Millisecond Face Alignment with an Ensemble of Regression Trees/python_examples/build/CMakeFiles/CMakeTmp'
/usr/bin/cmake -E cmake_progress_report "/home/stuxnet/Desktop/projecthumeur/One Millisecond Face Alignment with an Ensemble of Regression Trees/python_examples/build/CMakeFiles/CMakeTmp/CMakeFiles" 1
Building C object CMakeFiles/cmTryCompileExec3877402186.dir/SIZE_OF_VOID_PTR.c.o
/usr/bin/cc    -o CMakeFiles/cmTryCompileExec3877402186.dir/SIZE_OF_VOID_PTR.c.o   -c "/home/stuxnet/Desktop/projecthumeur/One Millisecond Face Alignment with an Ensemble of Regression Trees/python_examples/build/CMakeFiles/CheckTypeSize/SIZE_OF_VOID_PTR.c"
Linking C executable cmTryCompileExec3877402186
/usr/bin/cmake -E cmake_link_script CMakeFiles/cmTryCompileExec3877402186.dir/link.txt --verbose=1
/usr/bin/cc       CMakeFiles/cmTryCompileExec3877402186.dir/SIZE_OF_VOID_PTR.c.o  -o cmTryCompileExec3877402186 -rdynamic 
make[1]: Leaving directory '/home/stuxnet/Desktop/projecthumeur/One Millisecond Face Alignment with an Ensemble of Regression Trees/python_examples/build/CMakeFiles/CMakeTmp'


Determining if the CXX compiler has std namespace passed with the following output:
Change Dir: /home/stuxnet/Desktop/projecthumeur/One Millisecond Face Alignment with an Ensemble of Regression Trees/python_examples/build/CMakeFiles/CMakeTmp

Run Build Command:/usr/bin/make "cmTryCompileExec4132681806/fast"
/usr/bin/make -f CMakeFiles/cmTryCompileExec4132681806.dir/build.make CMakeFiles/cmTryCompileExec4132681806.dir/build
make[1]: Entering directory '/home/stuxnet/Desktop/projecthumeur/One Millisecond Face Alignment with an Ensemble of Regression Trees/python_examples/build/CMakeFiles/CMakeTmp'
/usr/bin/cmake -E cmake_progress_report "/home/stuxnet/Desktop/projecthumeur/One Millisecond Face Alignment with an Ensemble of Regression Trees/python_examples/build/CMakeFiles/CMakeTmp/CMakeFiles" 1
Building CXX object CMakeFiles/cmTryCompileExec4132681806.dir/TestForSTDNamespace.cxx.o
/usr/bin/c++     -o CMakeFiles/cmTryCompileExec4132681806.dir/TestForSTDNamespace.cxx.o -c /usr/share/cmake-2.8/Modules/TestForSTDNamespace.cxx
Linking CXX executable cmTryCompileExec4132681806
/usr/bin/cmake -E cmake_link_script CMakeFiles/cmTryCompileExec4132681806.dir/link.txt --verbose=1
/usr/bin/c++        CMakeFiles/cmTryCompileExec4132681806.dir/TestForSTDNamespace.cxx.o  -o cmTryCompileExec4132681806 -rdynamic 
make[1]: Leaving directory '/home/stuxnet/Desktop/projecthumeur/One Millisecond Face Alignment with an Ensemble of Regression Trees/python_examples/build/CMakeFiles/CMakeTmp'


Determining if the include file iostream exists passed with the following output:
Change Dir: /home/stuxnet/Desktop/projecthumeur/One Millisecond Face Alignment with an Ensemble of Regression Trees/python_examples/build/CMakeFiles/CMakeTmp

Run Build Command:/usr/bin/make "cmTryCompileExec3068891198/fast"
/usr/bin/make -f CMakeFiles/cmTryCompileExec3068891198.dir/build.make CMakeFiles/cmTryCompileExec3068891198.dir/build
make[1]: Entering directory '/home/stuxnet/Desktop/projecthumeur/One Millisecond Face Alignment with an Ensemble of Regression Trees/python_examples/build/CMakeFiles/CMakeTmp'
/usr/bin/cmake -E cmake_progress_report "/home/stuxnet/Desktop/projecthumeur/One Millisecond Face Alignment with an Ensemble of Regression Trees/python_examples/build/CMakeFiles/CMakeTmp/CMakeFiles" 1
Building CXX object CMakeFiles/cmTryCompileExec3068891198.dir/CheckIncludeFile.cxx.o
/usr/bin/c++     -o CMakeFiles/cmTryCompileExec3068891198.dir/CheckIncludeFile.cxx.o -c "/home/stuxnet/Desktop/projecthumeur/One Millisecond Face Alignment with an Ensemble of Regression Trees/python_examples/build/CMakeFiles/CMakeTmp/CheckIncludeFile.cxx"
Linking CXX executable cmTryCompileExec3068891198
/usr/bin/cmake -E cmake_link_script CMakeFiles/cmTryCompileExec3068891198.dir/link.txt --verbose=1
/usr/bin/c++        CMakeFiles/cmTryCompileExec3068891198.dir/CheckIncludeFile.cxx.o  -o cmTryCompileExec3068891198 -rdynamic 
make[1]: Leaving directory '/home/stuxnet/Desktop/projecthumeur/One Millisecond Face Alignment with an Ensemble of Regression Trees/python_examples/build/CMakeFiles/CMakeTmp'


